Arguments: 
  C:\Program Files\nodejs\node.exe C:\Program Files (x86)\Yarn\bin\yarn.js add @types/trendmicro__react-sidenav

PATH: 
  C:\Windows\system32;C:\Windows;C:\Windows\System32\Wbem;C:\Windows\System32\WindowsPowerShell\v1.0\;C:\Windows\System32\OpenSSH\;C:\Program Files\Microsoft VS Code\bin;C:\Program Files (x86)\NVIDIA Corporation\PhysX\Common;C:\Program Files\NVIDIA Corporation\NVIDIA NvDLISR;C:\ProgramData\chocolatey\bin;C:\Program Files\nodejs\;C:\Program Files (x86)\Yarn\bin\;C:\Program Files\Git\cmd;C:\Program Files\Docker\Docker\resources\bin;C:\ProgramData\DockerDesktop\version-bin;C:\Users\lucas\AppData\Local\Microsoft\WindowsApps;C:\Users\lucas\AppData\Roaming\npm;C:\Users\lucas\AppData\Local\Yarn\bin;C:\Program Files\JetBrains\DataGrip 2020.2.3\bin;

Yarn version: 
  1.22.4

Node version: 
  12.18.3

Platform: 
  win32 x64

Trace: 
  Error: https://registry.yarnpkg.com/@types%2ftrendmicro__react-sidenav: Not found
      at Request.params.callback [as _callback] (C:\Program Files (x86)\Yarn\lib\cli.js:66096:18)
      at Request.self.callback (C:\Program Files (x86)\Yarn\lib\cli.js:140748:22)
      at Request.emit (events.js:315:20)
      at Request.<anonymous> (C:\Program Files (x86)\Yarn\lib\cli.js:141720:10)
      at Request.emit (events.js:315:20)
      at IncomingMessage.<anonymous> (C:\Program Files (x86)\Yarn\lib\cli.js:141642:12)
      at Object.onceWrapper (events.js:421:28)
      at IncomingMessage.emit (events.js:327:22)
      at endReadableNT (_stream_readable.js:1220:12)
      at processTicksAndRejections (internal/process/task_queues.js:84:21)

npm manifest: 
  No manifest

yarn manifest: 
  No manifest

Lockfile: 
  No lockfile
